Rendering to 1024x1024 image
Loaded scene with 100000 circles
Loaded scene with 100000 circles
---------------------------------------------------------
Initializing CUDA for CudaRenderer
Found 1 CUDA devices
Device 0: NVIDIA GeForce RTX 4060 Laptop GPU
   SMs:        24
   Global mem: 8188 MB
   CUDA Cap:   8.9
---------------------------------------------------------

Running benchmark, 1 frames, beginning at frame 0 ...
Dumping frames to output_xxx.ppm
Copying image data from device
Wrote image file output_0000.ppm
Copying image data from device
***************** Correctness check passed **************************
Clear:    0.2615 ms
Advance:  0.2827 ms
Render:   14.8459 ms
Total:    15.3900 ms
File IO:  166.4466 ms

Overall:  0.2407 sec (note units are seconds)
