Rendering to 1024x1024 image
Loaded scene with 1217 circles
Loaded scene with 1217 circles
---------------------------------------------------------
Initializing CUDA for CudaRenderer
Found 1 CUDA devices
Device 0: NVIDIA GeForce RTX 4060 Laptop GPU
   SMs:        24
   Global mem: 8188 MB
   CUDA Cap:   8.9
---------------------------------------------------------

Running benchmark, 1 frames, beginning at frame 0 ...
Dumping frames to output_xxx.ppm
Copying image data from device
Wrote image file output_0000.ppm
Copying image data from device
***************** Correctness check passed **************************
Clear:    0.5151 ms
Advance:  0.0037 ms
Render:   1.2012 ms
Total:    1.7199 ms
File IO:  174.3095 ms

Overall:  0.2750 sec (note units are seconds)
