Rendering to 1024x1024 image
Loaded scene with 10000 circles
Loaded scene with 10000 circles
---------------------------------------------------------
Initializing CUDA for CudaRenderer
Found 1 CUDA devices
Device 0: NVIDIA GeForce RTX 4060 Laptop GPU
   SMs:        24
   Global mem: 8188 MB
   CUDA Cap:   8.9
---------------------------------------------------------

Running benchmark, 1 frames, beginning at frame 0 ...
Dumping frames to output_xxx.ppm
Copying image data from device
Wrote image file output_0000.ppm
Copying image data from device
***************** Correctness check passed **************************
Clear:    0.1478 ms
Advance:  0.0012 ms
Render:   3.7393 ms
Total:    3.8884 ms
File IO:  72.8906 ms

Overall:  0.7337 sec (note units are seconds)
